Microsoft HTML Help Compiler 4.73.8198

Compiling i:\MYPROJ\AKdTopic\AKdTopic.chm

HHC5003: Error: Compilation failed while compiling akCustomProject.html.


The following files were not compiled:
akCustomProject.html
Microsoft HTML Help Compiler 4.73.8198

Compiling i:\MYPROJ\AKdTopic\AKdTopic.chm

HHC5003: Error: Compilation failed while compiling akCustomProject.html.


The following files were not compiled:
akCustomProject.html
Microsoft HTML Help Compiler 4.73.8198

Compiling i:\MYPROJ\AKdTopic\AKdTopic.chm

HHC5003: Error: Compilation failed while compiling akCustomProject.html.


The following files were not compiled:
akCustomProject.html
Microsoft HTML Help Compiler 4.73.8198

Compiling i:\MYPROJ\AKdTopic\AKdTopic.chm

HHC5003: Error: Compilation failed while compiling akCustomProject.html.


The following files were not compiled:
akCustomProject.html
Microsoft HTML Help Compiler 4.73.8198

Compiling i:\MYPROJ\AKdTopic\AKdTopic.chm

HHC5003: Error: Compilation failed while compiling akCustomProject.html.


The following files were not compiled:
akCustomProject.html
Microsoft HTML Help Compiler 4.73.8198

Compiling i:\MYPROJ\AKdTopic\AKdTopic.chm

HHC5003: Error: Compilation failed while compiling akCustomProject.html.


The following files were not compiled:
akCustomProject.html
HHC5010: Error: Cannot open "i:\MYPROJ\AKdTopic\AKdTopic.chm". Compilation stopped.
HHC5010: Error: Cannot open "i:\MYPROJ\AKdTopic\AKdTopic.chm". Compilation stopped.
